c:\users\codeneko\dropbox\development\projects\applicationtemplate\src\platform\windows\project\debug\vc120.pdb
c:\users\codeneko\dropbox\development\projects\applicationtemplate\src\platform\windows\project\debug\vc120.idb
c:\users\codeneko\dropbox\development\projects\applicationtemplate\src\platform\windows\project\debug\applicationtemplate.obj
c:\users\codeneko\dropbox\development\projects\applicationtemplate\src\platform\windows\project\debug\asset.obj
c:\users\codeneko\dropbox\development\projects\applicationtemplate\src\platform\windows\project\debug\buffer.obj
c:\users\codeneko\dropbox\development\projects\applicationtemplate\src\platform\windows\project\debug\compression.obj
c:\users\codeneko\dropbox\development\projects\applicationtemplate\src\platform\windows\project\debug\configuration.obj
c:\users\codeneko\dropbox\development\projects\applicationtemplate\src\platform\windows\project\debug\filesystem.obj
c:\users\codeneko\dropbox\development\projects\applicationtemplate\src\platform\windows\project\debug\identity.obj
c:\users\codeneko\dropbox\development\projects\applicationtemplate\src\platform\windows\project\debug\regex.obj
c:\users\codeneko\dropbox\development\projects\applicationtemplate\src\platform\windows\project\debug\stream.obj
c:\users\codeneko\dropbox\development\projects\applicationtemplate\src\platform\windows\project\debug\timer.obj
c:\users\codeneko\dropbox\development\projects\applicationtemplate\src\platform\windows\project\debug\utilities.obj
c:\users\codeneko\dropbox\development\projects\applicationtemplate\src\platform\windows\project\debug\xml.obj
c:\users\codeneko\dropbox\development\projects\applicationtemplate\src\platform\windows\project\debug\xpath.obj
c:\users\codeneko\dropbox\development\projects\applicationtemplate\src\platform\windows\project\debug\windows.obj
c:\users\codeneko\dropbox\development\projects\applicationtemplate\src\platform\windows\project\debug\png.obj
c:\users\codeneko\dropbox\development\projects\applicationtemplate\src\platform\windows\project\debug\pngerror.obj
c:\users\codeneko\dropbox\development\projects\applicationtemplate\src\platform\windows\project\debug\pngget.obj
c:\users\codeneko\dropbox\development\projects\applicationtemplate\src\platform\windows\project\debug\pngmem.obj
c:\users\codeneko\dropbox\development\projects\applicationtemplate\src\platform\windows\project\debug\pngpread.obj
c:\users\codeneko\dropbox\development\projects\applicationtemplate\src\platform\windows\project\debug\pngread.obj
c:\users\codeneko\dropbox\development\projects\applicationtemplate\src\platform\windows\project\debug\pngrio.obj
c:\users\codeneko\dropbox\development\projects\applicationtemplate\src\platform\windows\project\debug\pngrtran.obj
c:\users\codeneko\dropbox\development\projects\applicationtemplate\src\platform\windows\project\debug\pngrutil.obj
c:\users\codeneko\dropbox\development\projects\applicationtemplate\src\platform\windows\project\debug\pngset.obj
c:\users\codeneko\dropbox\development\projects\applicationtemplate\src\platform\windows\project\debug\pngtrans.obj
c:\users\codeneko\dropbox\development\projects\applicationtemplate\src\platform\windows\project\debug\pngwio.obj
c:\users\codeneko\dropbox\development\projects\applicationtemplate\src\platform\windows\project\debug\pngwrite.obj
c:\users\codeneko\dropbox\development\projects\applicationtemplate\src\platform\windows\project\debug\pngwtran.obj
c:\users\codeneko\dropbox\development\projects\applicationtemplate\src\platform\windows\project\debug\pngwutil.obj
c:\users\codeneko\dropbox\development\projects\applicationtemplate\src\platform\windows\debug\applicationtemplate.ilk
c:\users\codeneko\dropbox\development\projects\applicationtemplate\src\platform\windows\debug\applicationtemplate.exe
c:\users\codeneko\dropbox\development\projects\applicationtemplate\src\platform\windows\debug\applicationtemplate.pdb
c:\users\codeneko\dropbox\development\projects\applicationtemplate\src\platform\windows\project\debug\applicat.a0302457.tlog\cl.command.1.tlog
c:\users\codeneko\dropbox\development\projects\applicationtemplate\src\platform\windows\project\debug\applicat.a0302457.tlog\cl.read.1.tlog
c:\users\codeneko\dropbox\development\projects\applicationtemplate\src\platform\windows\project\debug\applicat.a0302457.tlog\cl.write.1.tlog
c:\users\codeneko\dropbox\development\projects\applicationtemplate\src\platform\windows\project\debug\applicat.a0302457.tlog\link.command.1.tlog
c:\users\codeneko\dropbox\development\projects\applicationtemplate\src\platform\windows\project\debug\applicat.a0302457.tlog\link.read.1.tlog
c:\users\codeneko\dropbox\development\projects\applicationtemplate\src\platform\windows\project\debug\applicat.a0302457.tlog\link.write.1.tlog
