c:\users\codeneko\dropbox\development\projects\applicationtemplate\src\platform\windows\project\debug\applicationtemplate.obj
c:\users\codeneko\dropbox\development\projects\applicationtemplate\src\platform\windows\project\debug\buffer.obj
c:\users\codeneko\dropbox\development\projects\applicationtemplate\src\platform\windows\project\debug\compression.obj
c:\users\codeneko\dropbox\development\projects\applicationtemplate\src\platform\windows\project\debug\configuration.obj
c:\users\codeneko\dropbox\development\projects\applicationtemplate\src\platform\windows\project\debug\filesystem.obj
c:\users\codeneko\dropbox\development\projects\applicationtemplate\src\platform\windows\project\debug\identity.obj
c:\users\codeneko\dropbox\development\projects\applicationtemplate\src\platform\windows\project\debug\regex.obj
c:\users\codeneko\dropbox\development\projects\applicationtemplate\src\platform\windows\project\debug\stream.obj
c:\users\codeneko\dropbox\development\projects\applicationtemplate\src\platform\windows\project\debug\timer.obj
c:\users\codeneko\dropbox\development\projects\applicationtemplate\src\platform\windows\project\debug\utilities.obj
c:\users\codeneko\dropbox\development\projects\applicationtemplate\src\platform\windows\project\debug\xml.obj
c:\users\codeneko\dropbox\development\projects\applicationtemplate\src\platform\windows\project\debug\xpath.obj
c:\users\codeneko\dropbox\development\projects\applicationtemplate\src\platform\windows\project\debug\vc100.pdb
c:\users\codeneko\dropbox\development\projects\applicationtemplate\src\platform\windows\project\debug\windows.obj
c:\users\codeneko\dropbox\development\projects\applicationtemplate\src\platform\windows\project\debug\png.obj
c:\users\codeneko\dropbox\development\projects\applicationtemplate\src\platform\windows\project\debug\pngerror.obj
c:\users\codeneko\dropbox\development\projects\applicationtemplate\src\platform\windows\project\debug\pngget.obj
c:\users\codeneko\dropbox\development\projects\applicationtemplate\src\platform\windows\project\debug\pngmem.obj
c:\users\codeneko\dropbox\development\projects\applicationtemplate\src\platform\windows\project\debug\pngpread.obj
c:\users\codeneko\dropbox\development\projects\applicationtemplate\src\platform\windows\project\debug\pngread.obj
c:\users\codeneko\dropbox\development\projects\applicationtemplate\src\platform\windows\project\debug\pngrio.obj
c:\users\codeneko\dropbox\development\projects\applicationtemplate\src\platform\windows\project\debug\pngrtran.obj
c:\users\codeneko\dropbox\development\projects\applicationtemplate\src\platform\windows\project\debug\pngrutil.obj
c:\users\codeneko\dropbox\development\projects\applicationtemplate\src\platform\windows\project\debug\pngset.obj
c:\users\codeneko\dropbox\development\projects\applicationtemplate\src\platform\windows\project\debug\pngtrans.obj
c:\users\codeneko\dropbox\development\projects\applicationtemplate\src\platform\windows\project\debug\pngwio.obj
c:\users\codeneko\dropbox\development\projects\applicationtemplate\src\platform\windows\project\debug\pngwrite.obj
c:\users\codeneko\dropbox\development\projects\applicationtemplate\src\platform\windows\project\debug\pngwtran.obj
c:\users\codeneko\dropbox\development\projects\applicationtemplate\src\platform\windows\project\debug\pngwutil.obj
c:\users\codeneko\dropbox\development\projects\applicationtemplate\src\platform\windows\project\debug\asset.obj
c:\users\codeneko\dropbox\development\projects\applicationtemplate\src\platform\windows\debug\project.ilk
c:\users\codeneko\dropbox\development\projects\applicationtemplate\src\platform\windows\debug\project.exe
c:\users\codeneko\dropbox\development\projects\applicationtemplate\src\platform\windows\project\debug\project.exe.intermediate.manifest
c:\users\codeneko\dropbox\development\projects\applicationtemplate\src\platform\windows\debug\project.pdb
c:\users\codeneko\dropbox\development\projects\applicationtemplate\src\platform\windows\project\debug\project.exe.embed.manifest
c:\users\codeneko\dropbox\development\projects\applicationtemplate\src\platform\windows\project\debug\project.exe.embed.manifest.res
c:\users\codeneko\dropbox\development\projects\applicationtemplate\src\platform\windows\project\debug\vc120.pdb
c:\users\codeneko\dropbox\development\projects\applicationtemplate\src\platform\windows\project\debug\vc120.idb
c:\users\codeneko\dropbox\development\projects\applicationtemplate\src\platform\windows\project\debug\project.vcxprojresolveassemblyreference.cache
c:\users\codeneko\dropbox\development\projects\applicationtemplate\src\platform\windows\project\debug\cl.command.1.tlog
c:\users\codeneko\dropbox\development\projects\applicationtemplate\src\platform\windows\project\debug\cl.read.1.tlog
c:\users\codeneko\dropbox\development\projects\applicationtemplate\src\platform\windows\project\debug\cl.write.1.tlog
c:\users\codeneko\dropbox\development\projects\applicationtemplate\src\platform\windows\project\debug\link-cvtres.read.1.tlog
c:\users\codeneko\dropbox\development\projects\applicationtemplate\src\platform\windows\project\debug\link-cvtres.write.1.tlog
c:\users\codeneko\dropbox\development\projects\applicationtemplate\src\platform\windows\project\debug\link.4260-cvtres.read.1.tlog
c:\users\codeneko\dropbox\development\projects\applicationtemplate\src\platform\windows\project\debug\link.4260-cvtres.write.1.tlog
c:\users\codeneko\dropbox\development\projects\applicationtemplate\src\platform\windows\project\debug\link.4260.read.1.tlog
c:\users\codeneko\dropbox\development\projects\applicationtemplate\src\platform\windows\project\debug\link.4260.write.1.tlog
c:\users\codeneko\dropbox\development\projects\applicationtemplate\src\platform\windows\project\debug\link.5384-cvtres.read.1.tlog
c:\users\codeneko\dropbox\development\projects\applicationtemplate\src\platform\windows\project\debug\link.5384-cvtres.write.1.tlog
c:\users\codeneko\dropbox\development\projects\applicationtemplate\src\platform\windows\project\debug\link.5384.read.1.tlog
c:\users\codeneko\dropbox\development\projects\applicationtemplate\src\platform\windows\project\debug\link.5384.write.1.tlog
c:\users\codeneko\dropbox\development\projects\applicationtemplate\src\platform\windows\project\debug\link.5668-cvtres.read.1.tlog
c:\users\codeneko\dropbox\development\projects\applicationtemplate\src\platform\windows\project\debug\link.5668-cvtres.write.1.tlog
c:\users\codeneko\dropbox\development\projects\applicationtemplate\src\platform\windows\project\debug\link.5668.read.1.tlog
c:\users\codeneko\dropbox\development\projects\applicationtemplate\src\platform\windows\project\debug\link.5668.write.1.tlog
c:\users\codeneko\dropbox\development\projects\applicationtemplate\src\platform\windows\project\debug\link.5944-cvtres.read.1.tlog
c:\users\codeneko\dropbox\development\projects\applicationtemplate\src\platform\windows\project\debug\link.5944-cvtres.write.1.tlog
c:\users\codeneko\dropbox\development\projects\applicationtemplate\src\platform\windows\project\debug\link.5944.read.1.tlog
c:\users\codeneko\dropbox\development\projects\applicationtemplate\src\platform\windows\project\debug\link.5944.write.1.tlog
c:\users\codeneko\dropbox\development\projects\applicationtemplate\src\platform\windows\project\debug\link.6856-cvtres.read.1.tlog
c:\users\codeneko\dropbox\development\projects\applicationtemplate\src\platform\windows\project\debug\link.6856-cvtres.write.1.tlog
c:\users\codeneko\dropbox\development\projects\applicationtemplate\src\platform\windows\project\debug\link.6856.read.1.tlog
c:\users\codeneko\dropbox\development\projects\applicationtemplate\src\platform\windows\project\debug\link.6856.write.1.tlog
c:\users\codeneko\dropbox\development\projects\applicationtemplate\src\platform\windows\project\debug\link.7552-cvtres.read.1.tlog
c:\users\codeneko\dropbox\development\projects\applicationtemplate\src\platform\windows\project\debug\link.7552-cvtres.write.1.tlog
c:\users\codeneko\dropbox\development\projects\applicationtemplate\src\platform\windows\project\debug\link.7552.read.1.tlog
c:\users\codeneko\dropbox\development\projects\applicationtemplate\src\platform\windows\project\debug\link.7552.write.1.tlog
c:\users\codeneko\dropbox\development\projects\applicationtemplate\src\platform\windows\project\debug\link.command.1.tlog
c:\users\codeneko\dropbox\development\projects\applicationtemplate\src\platform\windows\project\debug\link.read.1.tlog
c:\users\codeneko\dropbox\development\projects\applicationtemplate\src\platform\windows\project\debug\link.write.1.tlog
c:\users\codeneko\dropbox\development\projects\applicationtemplate\src\platform\windows\project\debug\mt.command.1.tlog
c:\users\codeneko\dropbox\development\projects\applicationtemplate\src\platform\windows\project\debug\mt.read.1.tlog
c:\users\codeneko\dropbox\development\projects\applicationtemplate\src\platform\windows\project\debug\mt.write.1.tlog
c:\users\codeneko\dropbox\development\projects\applicationtemplate\src\platform\windows\project\debug\project.write.1.tlog
c:\users\codeneko\dropbox\development\projects\applicationtemplate\src\platform\windows\project\debug\rc.command.1.tlog
c:\users\codeneko\dropbox\development\projects\applicationtemplate\src\platform\windows\project\debug\rc.read.1.tlog
c:\users\codeneko\dropbox\development\projects\applicationtemplate\src\platform\windows\project\debug\rc.write.1.tlog
c:\users\codeneko\dropbox\development\projects\applicationtemplate\src\platform\windows\project\debug\vc100 (malchior's conflicted copy 2014-05-30).idb
c:\users\codeneko\dropbox\development\projects\applicationtemplate\src\platform\windows\project\debug\vc100.idb
c:\users\codeneko\dropbox\development\projects\applicationtemplate\src\platform\windows\project\debug\vc100 (malchior's conflicted copy 2014-05-30).pdb
c:\users\codeneko\dropbox\development\projects\applicationtemplate\src\platform\windows\project\debug\project_manifest.rc
c:\users\codeneko\dropbox\development\projects\applicationtemplate\src\platform\windows\project\debug\project.tlog\cl.command.1.tlog
c:\users\codeneko\dropbox\development\projects\applicationtemplate\src\platform\windows\project\debug\project.tlog\cl.read.1.tlog
c:\users\codeneko\dropbox\development\projects\applicationtemplate\src\platform\windows\project\debug\project.tlog\cl.write.1.tlog
c:\users\codeneko\dropbox\development\projects\applicationtemplate\src\platform\windows\project\debug\project.tlog\link-cvtres.read.1.tlog
c:\users\codeneko\dropbox\development\projects\applicationtemplate\src\platform\windows\project\debug\project.tlog\link-cvtres.write.1.tlog
c:\users\codeneko\dropbox\development\projects\applicationtemplate\src\platform\windows\project\debug\project.tlog\link-rc.read.1.tlog
c:\users\codeneko\dropbox\development\projects\applicationtemplate\src\platform\windows\project\debug\project.tlog\link-rc.write.1.tlog
c:\users\codeneko\dropbox\development\projects\applicationtemplate\src\platform\windows\project\debug\project.tlog\link.command.1.tlog
c:\users\codeneko\dropbox\development\projects\applicationtemplate\src\platform\windows\project\debug\project.tlog\link.read.1.tlog
c:\users\codeneko\dropbox\development\projects\applicationtemplate\src\platform\windows\project\debug\project.tlog\link.write.1.tlog
